0 info it worked if it ends with ok
1 verbose cli [ '/usr/local/Cellar/node/7.6.0/bin/node',
1 verbose cli   '/usr/local/bin/npm',
1 verbose cli   'start' ]
2 info using npm@4.1.2
3 info using node@v7.6.0
4 verbose run-script [ 'prestart', 'start', 'poststart' ]
5 info lifecycle pokedex@1.0.0~prestart: pokedex@1.0.0
6 verbose lifecycle pokedex@1.0.0~prestart: unsafe-perm in lifecycle true
7 verbose lifecycle pokedex@1.0.0~prestart: PATH: /usr/local/lib/node_modules/npm/bin/node-gyp-bin:/Users/Rasmus/Documents/kth/intprog/project/node_modules/.bin:/bin:/sbin:/usr/bin:/usr/local/sbin:/usr/local/bin:/usr/local/bin:/usr/bin:/bin:/usr/sbin:/sbin
8 verbose lifecycle pokedex@1.0.0~prestart: CWD: /Users/Rasmus/Documents/kth/intprog/project
9 silly lifecycle pokedex@1.0.0~prestart: Args: [ '-c', 'npm install' ]
10 silly lifecycle pokedex@1.0.0~prestart: Returned: code: 0  signal: null
11 info lifecycle pokedex@1.0.0~start: pokedex@1.0.0
12 verbose lifecycle pokedex@1.0.0~start: unsafe-perm in lifecycle true
13 verbose lifecycle pokedex@1.0.0~start: PATH: /usr/local/lib/node_modules/npm/bin/node-gyp-bin:/Users/Rasmus/Documents/kth/intprog/project/node_modules/.bin:/bin:/sbin:/usr/bin:/usr/local/sbin:/usr/local/bin:/usr/local/bin:/usr/bin:/bin:/usr/sbin:/sbin
14 verbose lifecycle pokedex@1.0.0~start: CWD: /Users/Rasmus/Documents/kth/intprog/project
15 silly lifecycle pokedex@1.0.0~start: Args: [ '-c', 'http-server app/ -a 0.0.0.0 -p $PORT' ]
16 silly lifecycle pokedex@1.0.0~start: Returned: code: 1  signal: null
17 info lifecycle pokedex@1.0.0~start: Failed to exec start script
18 verbose stack Error: pokedex@1.0.0 start: `http-server app/ -a 0.0.0.0 -p $PORT`
18 verbose stack Exit status 1
18 verbose stack     at EventEmitter.<anonymous> (/usr/local/lib/node_modules/npm/lib/utils/lifecycle.js:279:16)
18 verbose stack     at emitTwo (events.js:106:13)
18 verbose stack     at EventEmitter.emit (events.js:192:7)
18 verbose stack     at ChildProcess.<anonymous> (/usr/local/lib/node_modules/npm/lib/utils/spawn.js:40:14)
18 verbose stack     at emitTwo (events.js:106:13)
18 verbose stack     at ChildProcess.emit (events.js:192:7)
18 verbose stack     at maybeClose (internal/child_process.js:890:16)
18 verbose stack     at Process.ChildProcess._handle.onexit (internal/child_process.js:226:5)
19 verbose pkgid pokedex@1.0.0
20 verbose cwd /Users/Rasmus/Documents/kth/intprog/project/app
21 error Darwin 16.5.0
22 error argv "/usr/local/Cellar/node/7.6.0/bin/node" "/usr/local/bin/npm" "start"
23 error node v7.6.0
24 error npm  v4.1.2
25 error code ELIFECYCLE
26 error pokedex@1.0.0 start: `http-server app/ -a 0.0.0.0 -p $PORT`
26 error Exit status 1
27 error Failed at the pokedex@1.0.0 start script 'http-server app/ -a 0.0.0.0 -p $PORT'.
27 error Make sure you have the latest version of node.js and npm installed.
27 error If you do, this is most likely a problem with the pokedex package,
27 error not with npm itself.
27 error Tell the author that this fails on your system:
27 error     http-server app/ -a 0.0.0.0 -p $PORT
27 error You can get information on how to open an issue for this project with:
27 error     npm bugs pokedex
27 error Or if that isn't available, you can get their info via:
27 error     npm owner ls pokedex
27 error There is likely additional logging output above.
28 verbose exit [ 1, true ]
